<?xml version="1.0" encoding="UTF-8"?>
<!-- Generated by org.testng.reporters.JUnitXMLReporter -->
<testsuite ignored="2" hostname="LAPTOP-FB3E7NT5" failures="0" tests="1" name="Car loan" time="0.007" errors="0" timestamp="2022-05-12T15:42:55 IST">
  <testcase classname="test.Day4" name="mobileLoginCarLoan" time="0.001"/>
  <testcase classname="test.Day4" name="webLoginCarLoan" time="0.0">
    <ignored/>
  </testcase> <!-- webLoginCarLoan -->
  <testcase classname="test.Day4" name="LoginApiCarLoan" time="0.0">
    <ignored/>
  </testcase> <!-- LoginApiCarLoan -->
</testsuite> <!-- Car loan -->
