<?xml version="1.0" encoding="UTF-8"?>
<!-- Generated by org.testng.reporters.JUnitXMLReporter -->
<testsuite ignored="1" hostname="LAPTOP-FB3E7NT5" failures="0" tests="2" name="Personal loan" time="0.073" errors="0" timestamp="2022-05-12T15:42:55 IST">
  <testcase classname="test.Day1" name="one" time="0.008"/>
  <testcase classname="test.Day1" name="three" time="0.002"/>
  <testcase classname="test.Day1" name="two" time="0.0">
    <ignored/>
  </testcase> <!-- two -->
</testsuite> <!-- Personal loan -->
