<?xml version="1.0" encoding="UTF-8"?>
<!-- Generated by org.testng.reporters.JUnitXMLReporter -->
<testsuite ignored="5" hostname="LAPTOP-FB3E7NT5" failures="0" tests="3" name="Smoke" time="0.076" errors="0" timestamp="2022-05-12T13:34:36 IST">
  <testcase classname="test.Day2" name="A" time="0.011"/>
  <testcase classname="test.Day3" name="webLoginHomeLoan" time="0.001"/>
  <testcase classname="test.Day4" name="LoginApiCarLoan" time="0.002"/>
  <testcase classname="test.Day4" name="webLoginCarLoan" time="0.0">
    <ignored/>
  </testcase> <!-- webLoginCarLoan -->
  <testcase classname="test.Day3" name="mobileLoginHomeLoan" time="0.0">
    <ignored/>
  </testcase> <!-- mobileLoginHomeLoan -->
  <testcase classname="test.Day3" name="loginApiHomeLoan" time="0.0">
    <ignored/>
  </testcase> <!-- loginApiHomeLoan -->
  <testcase classname="test.Day4" name="mobileLoginCarLoan" time="0.0">
    <ignored/>
  </testcase> <!-- mobileLoginCarLoan -->
  <testcase classname="test.Day2" name="B" time="0.0">
    <ignored/>
  </testcase> <!-- B -->
</testsuite> <!-- Smoke -->
