<?xml version="1.0" encoding="UTF-8"?>
<testng-results ignored="0" total="1" passed="1" failed="0" skipped="0">
  <reporter-output>
  </reporter-output>
  <suite started-at="2022-05-12T18:30:16 IST" name="Default suite" finished-at="2022-05-12T18:30:16 IST" duration-ms="70">
    <groups>
    </groups>
    <test started-at="2022-05-12T18:30:16 IST" name="Default test" finished-at="2022-05-12T18:30:16 IST" duration-ms="70">
      <class name="test.ReadPropertiesFile">
        <test-method signature="read()[pri:0, instance:test.ReadPropertiesFile@2e1d27ba]" started-at="2022-05-12T18:30:16 IST" name="read" finished-at="2022-05-12T18:30:16 IST" duration-ms="11" status="PASS">
          <reporter-output>
          </reporter-output>
        </test-method> <!-- read -->
      </class> <!-- test.ReadPropertiesFile -->
    </test> <!-- Default test -->
  </suite> <!-- Default suite -->
</testng-results>
